\BOOKMARK [1][-]{section.1}{\376\377\000P\000r\000o\000g\000r\000a\000m\000a\000c\000i\000\363\000n\000\040\000l\000i\000n\000e\000a\000l}{}% 1
\BOOKMARK [2][-]{subsection.1.1}{\376\377\000P\000l\000a\000n\000t\000e\000a\000m\000i\000e\000n\000t\000o\000,\000\040\000d\000e\000f\000i\000n\000i\000c\000i\000o\000n\000e\000s\000\040\000y\000\040\000n\000o\000m\000e\000n\000c\000l\000a\000t\000u\000r\000a}{section.1}% 2
\BOOKMARK [2][-]{subsection.1.2}{\376\377\000E\000j\000e\000m\000p\000l\000o\000s\000\040\000p\000r\000\341\000c\000t\000i\000c\000o\000s}{section.1}% 3
\BOOKMARK [2][-]{subsection.1.3}{\376\377\000F\000o\000r\000m\000a\000\040\000e\000s\000t\000\341\000n\000d\000a\000r}{section.1}% 4
\BOOKMARK [2][-]{subsection.1.4}{\376\377\000T\000i\000p\000o\000s\000\040\000d\000e\000\040\000s\000o\000l\000u\000c\000i\000o\000n\000e\000s}{section.1}% 5
\BOOKMARK [2][-]{subsection.1.5}{\376\377\000T\000e\000o\000r\000e\000m\000a\000s}{section.1}% 6
\BOOKMARK [1][-]{section.2}{\376\377\000A\000l\000g\000o\000r\000i\000t\000m\000o\000\040\000d\000e\000l\000\040\000S\000\355\000m\000p\000l\000e\000x}{}% 7
\BOOKMARK [2][-]{subsection.2.1}{\376\377\000I\000t\000e\000r\000a\000c\000i\000\363\000n\000\040\000d\000e\000l\000\040\000S\000i\000m\000p\000l\000e\000x}{section.2}% 8
\BOOKMARK [2][-]{subsection.2.2}{\376\377\000T\000e\000o\000r\000e\000m\000a\000s}{section.2}% 9
\BOOKMARK [2][-]{subsection.2.3}{\376\377\000F\000a\000s\000e\000\040\000I}{section.2}% 10
\BOOKMARK [1][-]{section.3}{\376\377\000S\000i\000m\000p\000l\000e\000x\000\040\000D\000u\000a\000l}{}% 11
\BOOKMARK [2][-]{subsection.3.1}{\376\377\000T\000e\000o\000r\000e\000m\000a\000s\000\040\000d\000e\000l\000\040\000S\000\355\000m\000p\000l\000e\000x\000\040\000D\000u\000a\000l}{section.3}% 12
\BOOKMARK [2][-]{subsection.3.2}{\376\377\000I\000m\000p\000l\000i\000c\000a\000c\000i\000o\000n\000e\000s\000\040\000d\000e\000l\000\040\000D\000u\000a\000l}{section.3}% 13
\BOOKMARK [2][-]{subsection.3.3}{\376\377\000F\000a\000c\000t\000i\000b\000i\000l\000i\000d\000a\000d\000\040\000P\000r\000i\000m\000a\000l\000\040\000y\000\040\000D\000u\000a\000l}{section.3}% 14
\BOOKMARK [2][-]{subsection.3.4}{\376\377\000P\000r\000o\000g\000r\000a\000m\000a\000c\000i\000\363\000n\000\040\000L\000i\000n\000e\000a\000l\000\040\000E\000n\000t\000e\000r\000a\000\040\000\050\000P\000L\000E\000\051}{section.3}% 15
\BOOKMARK [1][-]{section.4}{\376\377\000O\000p\000t\000i\000m\000i\000z\000a\000c\000i\000\363\000n\000\040\000n\000o\000\040\000l\000i\000n\000e\000a\000l}{}% 16
\BOOKMARK [2][-]{subsection.4.1}{\376\377\000F\000o\000r\000m\000u\000l\000a\000c\000i\000\363\000n\000\040\000g\000e\000n\000e\000r\000a\000l}{section.4}% 17
\BOOKMARK [2][-]{subsection.4.2}{\376\377\000T\000e\000o\000r\000e\000m\000a\000s\000\040\000e\000\040\000i\000m\000p\000l\000i\000c\000a\000c\000i\000o\000n\000e\000s}{section.4}% 18
\BOOKMARK [2][-]{subsection.4.3}{\376\377\000C\000o\000n\000v\000e\000r\000g\000e\000n\000c\000i\000a\000\040\000d\000e\000\040\000e\000l\000\040\000a\000l\000g\000o\000r\000i\000t\000m\000o}{section.4}% 19
\BOOKMARK [3][-]{subsubsection.4.3.1}{\376\377\000T\000i\000p\000o\000s\000\040\000d\000e\000\040\000c\000o\000n\000v\000e\000r\000g\000e\000n\000c\000i\000a}{subsection.4.3}% 20
\BOOKMARK [3][-]{subsubsection.4.3.2}{\376\377\000C\000o\000n\000d\000i\000c\000i\000o\000n\000e\000s\000\040\000d\000e\000\040\000A\000r\000m\000i\000j\000o\000-\000W\000o\000l\000f\000e}{subsection.4.3}% 21
\BOOKMARK [3][-]{subsubsection.4.3.3}{\376\377\000T\000e\000o\000r\000e\000m\000a\000\040\000d\000e\000\040\000Z\000o\000u\000t\000e\000n\000d\000i\000j\000k}{subsection.4.3}% 22
\BOOKMARK [2][-]{subsection.4.4}{\376\377\000T\000i\000p\000o\000s\000\040\000d\000e\000\040\000m\000\351\000t\000o\000d\000o\000s}{section.4}% 23
\BOOKMARK [3][-]{subsubsection.4.4.1}{\376\377\000M\000\351\000t\000o\000d\000o\000\040\000d\000e\000l\000\040\000g\000r\000a\000d\000i\000e\000n\000t\000e}{subsection.4.4}% 24
\BOOKMARK [3][-]{subsubsection.4.4.2}{\376\377\000M\000\351\000t\000o\000d\000o\000\040\000d\000e\000\040\000N\000e\000w\000t\000o\000n}{subsection.4.4}% 25
\BOOKMARK [2][-]{subsection.4.5}{\376\377\000M\000o\000d\000i\000f\000i\000c\000a\000c\000i\000o\000n\000e\000s\000\040\000d\000e\000l\000\040\000m\000\351\000t\000o\000d\000o\000\040\000d\000e\000\040\000N\000e\000w\000t\000o\000n}{section.4}% 26
\BOOKMARK [1][-]{section.5}{\376\377\000O\000p\000t\000i\000m\000i\000z\000a\000c\000i\000\363\000n\000\040\000n\000o\000\040\000l\000i\000n\000e\000a\000l\000\040\000c\000o\000n\000\040\000r\000e\000s\000t\000r\000i\000c\000c\000i\000o\000n\000e\000s}{}% 27
\BOOKMARK [2][-]{subsection.5.1}{\376\377\000D\000e\000f\000i\000n\000i\000c\000i\000o\000n\000e\000s}{section.5}% 28
\BOOKMARK [3][-]{subsubsection.5.1.1}{\376\377\000R\000e\000s\000t\000r\000i\000c\000c\000i\000o\000n\000e\000s\000\040\000a\000c\000t\000i\000v\000a\000s\000\040\000e\000\040\000i\000n\000a\000c\000t\000i\000v\000a\000s}{subsection.5.1}% 29
