\BOOKMARK [1][-]{section.1}{\376\377\000C\000u\000\341\000n\000t\000i\000c\000a}{}% 1
\BOOKMARK [2][-]{subsection.1.1}{\376\377\000P\000r\000o\000b\000l\000e\000m\000a\000s\000\040\000a\000\040\000l\000o\000s\000\040\000q\000u\000e\000\040\000s\000e\000\040\000e\000n\000f\000r\000e\000n\000t\000a\000b\000a\000n}{section.1}% 2
\BOOKMARK [2][-]{subsection.1.2}{\376\377\000M\000o\000d\000e\000l\000o\000\040\000d\000e\000\040\000B\000o\000h\000r}{section.1}% 3
\BOOKMARK [2][-]{subsection.1.3}{\376\377\000P\000o\000s\000t\000u\000l\000a\000d\000o\000s\000\040\000d\000e\000\040\000l\000a\000\040\000M\000e\000c\000\341\000n\000i\000c\000a\000\040\000C\000u\000\341\000n\000t\000i\000c\000a}{section.1}% 4
\BOOKMARK [2][-]{subsection.1.4}{\376\377\000P\000a\000r\000t\000\355\000c\000u\000l\000a\000\040\000e\000n\000\040\000u\000n\000\040\000p\000o\000z\000o\000\040\000d\000e\000\040\000p\000o\000t\000e\000n\000c\000i\000a\000l\000.\000\040\000E\000f\000e\000c\000t\000o\000\040\000t\000\372\000n\000e\000l}{section.1}% 5
\BOOKMARK [1][-]{section.2}{\376\377\000S\000i\000s\000t\000e\000m\000a\000\040\000P\000e\000r\000i\000\363\000d\000i\000c\000o}{}% 6
\BOOKMARK [2][-]{subsection.2.1}{\376\377\000C\000o\000n\000f\000i\000g\000u\000r\000a\000c\000i\000\363\000n\000\040\000e\000l\000e\000c\000t\000r\000\363\000n\000i\000c\000a}{section.2}% 7
\BOOKMARK [2][-]{subsection.2.2}{\376\377\000N\000\372\000m\000e\000r\000o\000s\000\040\000c\000u\000\341\000n\000t\000i\000c\000o\000s}{section.2}% 8
\BOOKMARK [3][-]{subsubsection.2.2.1}{\376\377\000R\000e\000g\000l\000a\000s\000\040\000d\000e\000\040\000S\000l\000a\000t\000e\000r}{subsection.2.2}% 9
\BOOKMARK [2][-]{subsection.2.3}{\376\377\000P\000r\000o\000p\000i\000e\000d\000a\000d\000e\000s\000\040\000P\000e\000r\000i\000\363\000d\000i\000c\000a\000s}{section.2}% 10
\BOOKMARK [3][-]{subsubsection.2.3.1}{\376\377\000E\000f\000e\000c\000t\000o\000\040\000d\000e\000l\000\040\000p\000a\000r\000\040\000i\000n\000e\000r\000t\000e}{subsection.2.3}% 11
\BOOKMARK [3][-]{subsubsection.2.3.2}{\376\377\000R\000e\000l\000a\000c\000i\000o\000n\000e\000s\000\040\000d\000i\000a\000g\000o\000n\000a\000l\000e\000s}{subsection.2.3}% 12
\BOOKMARK [1][-]{section.3}{\376\377\000E\000n\000l\000a\000c\000e\000\040\000c\000o\000v\000a\000l\000e\000n\000t\000e}{}% 13
\BOOKMARK [2][-]{subsection.3.1}{\376\377\000E\000s\000t\000r\000u\000c\000t\000u\000r\000a\000s\000\040\000d\000e\000\040\000L\000e\000w\000i\000s}{section.3}% 14
\BOOKMARK [2][-]{subsection.3.2}{\376\377\000H\000i\000b\000r\000i\000d\000a\000c\000i\000\363\000n\000\040\000\050\000M\000o\000d\000e\000l\000o\000\040\000T\000E\000V\000\051}{section.3}% 15
\BOOKMARK [2][-]{subsection.3.3}{\376\377\000M\000o\000d\000e\000l\000o\000\040\000R\000P\000E\000C\000V}{section.3}% 16
\BOOKMARK [2][-]{subsection.3.4}{\376\377\000T\000e\000o\000r\000\355\000a\000\040\000d\000e\000\040\000o\000r\000b\000i\000t\000a\000l\000e\000s\000\040\000m\000o\000l\000e\000c\000u\000l\000a\000r\000e\000s\000.\000\040\000C\000o\000m\000b\000i\000n\000a\000c\000i\000\363\000n\000\040\000l\000i\000n\000e\000a\000l\000\040\000d\000e\000\040\000l\000o\000s\000\040\000o\000r\000b\000i\000t\000a\000l\000e\000s\000\040\000a\000t\000\363\000m\000i\000c\000o\000s\000\040\000\050\000C\000L\000O\000A\000\051}{section.3}% 17
\BOOKMARK [2][-]{subsection.3.5}{\376\377\000P\000r\000o\000p\000i\000e\000d\000a\000d\000e\000s\000\040\000d\000e\000\040\000l\000o\000s\000\040\000e\000n\000l\000a\000c\000e\000s}{section.3}% 18
\BOOKMARK [3][-]{subsubsection.3.5.1}{\376\377\000E\000l\000e\000c\000t\000r\000o\000n\000e\000g\000a\000t\000i\000v\000i\000d\000a\000d}{subsection.3.5}% 19
\BOOKMARK [3][-]{subsubsection.3.5.2}{\376\377\000C\000a\000r\000\341\000c\000t\000e\000r\000\040\000i\000\363\000n\000i\000c\000o}{subsection.3.5}% 20
\BOOKMARK [3][-]{subsubsection.3.5.3}{\376\377\000M\000o\000m\000e\000n\000t\000o\000\040\000d\000i\000p\000o\000l\000a\000r\000.\000\040\000P\000o\000l\000a\000r\000i\000d\000a\000d}{subsection.3.5}% 21
\BOOKMARK [3][-]{subsubsection.3.5.4}{\376\377\000E\000n\000e\000r\000g\000\355\000a\000\040\000y\000\040\000d\000i\000s\000t\000a\000n\000c\000i\000a\000\040\000d\000e\000l\000\040\000e\000n\000l\000a\000c\000e}{subsection.3.5}% 22
\BOOKMARK [2][-]{subsection.3.6}{\376\377\000E\000n\000l\000a\000c\000e\000s\000\040\000i\000n\000t\000e\000r\000m\000o\000l\000e\000c\000u\000l\000a\000r\000e\000s\000.\000\040\000F\000u\000e\000r\000z\000a\000s\000\040\000d\000e\000\040\000V\000a\000n\000\040\000d\000e\000r\000\040\000W\000a\000l\000s}{section.3}% 23
\BOOKMARK [1][-]{section.4}{\376\377\000E\000n\000l\000a\000c\000e\000\040\000m\000e\000t\000\341\000l\000i\000c\000o}{}% 24
\BOOKMARK [2][-]{subsection.4.1}{\376\377\000D\000i\000r\000e\000c\000c\000i\000o\000n\000e\000s\000\040\000y\000\040\000P\000l\000a\000n\000o\000s}{section.4}% 25
\BOOKMARK [2][-]{subsection.4.2}{\376\377\000P\000o\000l\000i\000m\000o\000r\000f\000i\000s\000m\000o\000\040\000y\000\040\000a\000l\000o\000t\000r\000o\000p\000\355\000a}{section.4}% 26
\BOOKMARK [2][-]{subsection.4.3}{\376\377\000M\000o\000t\000i\000v\000o\000\040\000y\000\040\000R\000e\000d\000\040\000d\000e\000\040\000B\000r\000a\000v\000a\000i\000s}{section.4}% 27
\BOOKMARK [2][-]{subsection.4.4}{\376\377\000P\000r\000i\000n\000c\000i\000p\000a\000l\000e\000s\000\040\000E\000m\000p\000a\000q\000u\000e\000t\000a\000m\000i\000e\000n\000t\000o\000s}{section.4}% 28
\BOOKMARK [2][-]{subsection.4.5}{\376\377\000D\000e\000n\000s\000i\000d\000a\000d\000e\000s\000\040\000d\000e\000\040\000l\000a\000\040\000e\000s\000t\000r\000u\000c\000t\000u\000r\000a}{section.4}% 29
\BOOKMARK [2][-]{subsection.4.6}{\376\377\000C\000a\000r\000a\000c\000t\000e\000r\000\355\000s\000t\000i\000c\000a\000s}{section.4}% 30
\BOOKMARK [2][-]{subsection.4.7}{\376\377\000C\000o\000n\000d\000u\000c\000t\000i\000v\000i\000d\000a\000d\000\040\000d\000e\000\040\000c\000a\000l\000o\000r\000\040\000y\000\040\000e\000l\000\351\000c\000t\000r\000i\000c\000a}{section.4}% 31
\BOOKMARK [2][-]{subsection.4.8}{\376\377\000T\000e\000o\000r\000\355\000a\000\040\000d\000e\000\040\000b\000a\000n\000d\000a\000s}{section.4}% 32
\BOOKMARK [3][-]{subsubsection.4.8.1}{\376\377\000C\000o\000n\000d\000u\000c\000t\000o\000r}{subsection.4.8}% 33
\BOOKMARK [3][-]{subsubsection.4.8.2}{\376\377\000A\000i\000s\000l\000a\000n\000t\000e}{subsection.4.8}% 34
\BOOKMARK [3][-]{subsubsection.4.8.3}{\376\377\000S\000e\000m\000i\000c\000o\000n\000d\000u\000c\000t\000o\000r\000e\000s}{subsection.4.8}% 35
\BOOKMARK [1][-]{section.5}{\376\377\000M\000e\000t\000a\000l\000e\000s\000\040\000y\000\040\000a\000l\000i\000a\000c\000i\000o\000n\000e\000s}{}% 36
\BOOKMARK [2][-]{subsection.5.1}{\376\377\000A\000l\000e\000a\000c\000i\000o\000n\000e\000s}{section.5}% 37
\BOOKMARK [2][-]{subsection.5.2}{\376\377\000D\000i\000a\000g\000r\000a\000m\000a\000s\000\040\000d\000e\000\040\000f\000a\000s\000e}{section.5}% 38
\BOOKMARK [1][-]{section.6}{\376\377\000E\000n\000l\000a\000c\000e\000\040\000i\000\363\000n\000i\000c\000o}{}% 39
\BOOKMARK [2][-]{subsection.6.1}{\376\377\000E\000s\000t\000r\000u\000c\000t\000u\000r\000a\000\040\000d\000e\000\040\000l\000o\000s\000\040\000c\000o\000m\000p\000u\000e\000s\000t\000o\000s\000\040\000i\000\363\000n\000i\000c\000o\000s}{section.6}% 40
\BOOKMARK [2][-]{subsection.6.2}{\376\377\000E\000s\000t\000r\000u\000c\000t\000u\000r\000a\000s\000\040\000m\000o\000d\000e\000l\000o}{section.6}% 41
\BOOKMARK [2][-]{subsection.6.3}{\376\377\000C\000i\000c\000l\000o\000\040\000d\000e\000\040\000B\000o\000r\000n\000-\000H\000a\000b\000e\000r}{section.6}% 42
\BOOKMARK [2][-]{subsection.6.4}{\376\377\000P\000r\000o\000p\000i\000e\000d\000a\000d\000e\000s\000\040\000d\000e\000l\000\040\000e\000n\000l\000a\000c\000e\000\040\000i\000\363\000n\000i\000c\000o}{section.6}% 43
\BOOKMARK [1][-]{section.7}{\376\377\000C\000i\000n\000\351\000t\000i\000c\000a}{}% 44
\BOOKMARK [2][-]{subsection.7.1}{\376\377\000V\000e\000l\000o\000c\000i\000d\000a\000d\000\040\000d\000e\000\040\000l\000a\000\040\000r\000e\000a\000c\000c\000i\000\363\000n}{section.7}% 45
\BOOKMARK [2][-]{subsection.7.2}{\376\377\000S\000o\000l\000u\000c\000i\000\363\000n\000\040\000d\000e\000\040\000l\000a\000\040\000v\000e\000l\000o\000c\000i\000d\000a\000d\000\040\000p\000a\000r\000a\000\040\000d\000i\000s\000t\000i\000n\000t\000o\000s\000\040\000\363\000r\000d\000e\000n\000e\000s}{section.7}% 46
\BOOKMARK [2][-]{subsection.7.3}{\376\377\000F\000a\000c\000t\000o\000r\000e\000s\000\040\000q\000u\000e\000\040\000a\000f\000e\000c\000t\000a\000n\000\040\000a\000\040\000l\000a\000\040\000v\000e\000l\000o\000c\000i\000d\000a\000d}{section.7}% 47
\BOOKMARK [2][-]{subsection.7.4}{\376\377\000T\000i\000p\000o\000s\000\040\000d\000e\000\040\000r\000e\000a\000c\000c\000i\000o\000n\000e\000s}{section.7}% 48
\BOOKMARK [1][-]{section.8}{\376\377\000A\000c\000i\000d\000o\000\040\000B\000a\000s\000e}{}% 49
\BOOKMARK [2][-]{subsection.8.1}{\376\377\000D\000e\000f\000i\000n\000i\000c\000i\000o\000n\000e\000s}{section.8}% 50
\BOOKMARK [2][-]{subsection.8.2}{\376\377\000P\000l\000a\000n\000t\000e\000a\000m\000i\000e\000n\000t\000o\000\040\000d\000e\000\040\000u\000n\000\040\000e\000j\000e\000r\000c\000i\000c\000i\000o}{section.8}% 51
\BOOKMARK [2][-]{subsection.8.3}{\376\377\000N\000e\000u\000t\000r\000a\000l\000i\000z\000a\000c\000i\000\363\000n}{section.8}% 52
\BOOKMARK [2][-]{subsection.8.4}{\376\377\000D\000i\000s\000o\000l\000u\000c\000i\000o\000n\000e\000s\000\040\000t\000a\000m\000p\000\363\000n}{section.8}% 53
\BOOKMARK [1][-]{section.9}{\376\377\000R\000e\000a\000c\000c\000i\000o\000n\000e\000s\000\040\000R\000e\000d\000o\000x}{}% 54
\BOOKMARK [2][-]{subsection.9.1}{\376\377\000E\000c\000u\000a\000c\000i\000\363\000n\000\040\000d\000e\000\040\000N\000e\000r\000n\000s\000t}{section.9}% 55
\BOOKMARK [2][-]{subsection.9.2}{\376\377\000T\000i\000p\000o\000s\000\040\000d\000e\000\040\000r\000e\000a\000c\000c\000i\000o\000n\000e\000s\000\040\000r\000e\000d\000o\000x}{section.9}% 56
\BOOKMARK [3][-]{subsubsection.9.2.1}{\376\377\000C\000e\000l\000d\000a\000\040\000g\000a\000l\000v\000\341\000n\000i\000c\000a}{subsection.9.2}% 57
\BOOKMARK [3][-]{subsubsection.9.2.2}{\376\377\000C\000e\000l\000d\000a\000\040\000d\000e\000\040\000c\000o\000n\000c\000e\000n\000t\000r\000a\000c\000i\000\363\000n}{subsection.9.2}% 58
\BOOKMARK [3][-]{subsubsection.9.2.3}{\376\377\000C\000e\000l\000d\000a\000\040\000d\000e\000\040\000a\000i\000r\000e\000o\000\040\000d\000i\000f\000e\000r\000e\000n\000c\000i\000a\000l}{subsection.9.2}% 59
\BOOKMARK [3][-]{subsubsection.9.2.4}{\376\377\000D\000e\000t\000e\000r\000m\000i\000n\000a\000c\000i\000\363\000n\000\040\000d\000e\000l\000\040\000p\000H}{subsection.9.2}% 60
\BOOKMARK [2][-]{subsection.9.3}{\376\377\000D\000i\000a\000g\000r\000a\000m\000a\000s}{section.9}% 61
\BOOKMARK [3][-]{subsubsection.9.3.1}{\376\377\000D\000i\000g\000r\000a\000m\000a\000s\000\040\000d\000e\000\040\000L\000a\000t\000i\000m\000e\000r}{subsection.9.3}% 62
\BOOKMARK [3][-]{subsubsection.9.3.2}{\376\377\000D\000i\000g\000r\000a\000m\000a\000s\000\040\000d\000e\000\040\000F\000r\000o\000s\000t}{subsection.9.3}% 63
\BOOKMARK [3][-]{subsubsection.9.3.3}{\376\377\000D\000i\000g\000r\000a\000m\000a\000s\000\040\000d\000e\000\040\000P\000o\000u\000r\000b\000a\000i\000x}{subsection.9.3}% 64
\BOOKMARK [1][-]{section.10}{\376\377\000I\000m\000p\000o\000r\000t\000a\000n\000t\000e\000\040\000p\000a\000r\000a\000\040\000e\000l\000\040\000e\000x\000a\000m\000e\000n}{}% 65
\BOOKMARK [2][-]{subsection.10.1}{\376\377\000P\000e\000s\000t\000e\000\040\000d\000e\000l\000\040\000E\000s\000t\000a\000\361\000o}{section.10}% 66
\BOOKMARK [2][-]{subsection.10.2}{\376\377\000M\000o\000l\000\351\000c\000u\000l\000a\000\040\000d\000e\000\040\000N\000H\0003\000\040\000y\000\040\000e\000f\000e\000c\000t\000o\000\040\000t\000\372\000n\000e\000l}{section.10}% 67
\BOOKMARK [2][-]{subsection.10.3}{\376\377\000M\000o\000m\000e\000n\000t\000o\000\040\000d\000i\000p\000o\000l\000a\000r\000\040\000d\000e\000\040\000N\000H\0003\000\040\000y\000\040\000N\000F\0003}{section.10}% 68
\BOOKMARK [2][-]{subsection.10.4}{\376\377\000F\000u\000n\000c\000i\000\363\000n\000\040\000d\000e\000\040\000p\000r\000o\000b\000a\000b\000i\000l\000i\000d\000a\000d\000\040\000r\000a\000d\000i\000a\000l}{section.10}% 69
\BOOKMARK [2][-]{subsection.10.5}{\376\377\000P\000r\000o\000m\000o\000c\000i\000\363\000n\000\040\000e\000l\000e\000c\000t\000r\000\363\000n\000i\000c\000a}{section.10}% 70
